f:\mei\判断过环\球轨迹检测4.0_车动\kinect_open\debug\vc120.pdb
f:\mei\判断过环\球轨迹检测4.0_车动\kinect_open\debug\vc120.idb
f:\mei\判断过环\球轨迹检测4.0_车动\kinect_open\debug\math_pred.obj
f:\mei\判断过环\球轨迹检测4.0_车动\kinect_open\debug\serialport_timer.obj
f:\mei\判断过环\球轨迹检测4.0_车动\kinect_open\debug\main.obj
f:\mei\抛球交接\抛球交接1.0\kinect_open\debug\vc120.pdb
f:\mei\抛球交接\抛球交接1.0\kinect_open\debug\vc120.idb
f:\mei\抛球交接\抛球交接1.0\kinect_open\debug\main.obj
f:\mei\抛球交接\抛球交接1.0\kinect_open\debug\serialport_timer.obj
f:\mei\抛球交接\抛球交接1.0\kinect_open\debug\math_pred.obj
f:\mei\抛球交接\抛球交接1.1_排序\kinect_open\debug\vc120.pdb
f:\mei\抛球交接\抛球交接1.1_排序\kinect_open\debug\vc120.idb
f:\mei\抛球交接\抛球交接1.1_排序\kinect_open\debug\main.obj
f:\mei\抛球交接\抛球交接1.1_排序\kinect_open\debug\math_pred.obj
f:\mei\抛球交接\抛球交接1.1_排序\kinect_open\debug\serialport_timer.obj
f:\mei\抛球交接\抛球交接2.0_两次预测\kinect_open\debug\vc120.pdb
f:\mei\抛球交接\抛球交接2.0_两次预测\kinect_open\debug\vc120.idb
f:\mei\抛球交接\抛球交接2.0_两次预测\kinect_open\debug\main.obj
f:\mei\抛球交接\抛球交接2.0_两次预测\kinect_open\debug\math_pred.obj
f:\mei\抛球交接\抛球交接2.0_两次预测\kinect_open\debug\serialport_timer.obj
f:\mei\抛球交接\抛球交接3.0_动态\kinect_open\debug\vc120.pdb
f:\mei\抛球交接\抛球交接3.0_动态\kinect_open\debug\vc120.idb
f:\mei\抛球交接\抛球交接3.0_动态\kinect_open\debug\main.obj
f:\mei\抛球交接\抛球交接3.0_动态\kinect_open\debug\math_pred.obj
f:\mei\抛球交接\抛球交接3.0_动态\kinect_open\debug\serialport_timer.obj
f:\mei\球捕捉\捕捉2.0_拟合误差捕捉\kinect_open\debug\vc120.pdb
f:\mei\球捕捉\捕捉2.0_拟合误差捕捉\kinect_open\debug\vc120.idb
f:\mei\球捕捉\捕捉2.0_拟合误差捕捉\kinect_open\debug\main.obj
f:\mei\球捕捉\捕捉2.0_拟合误差捕捉\kinect_open\debug\math_pred.obj
f:\mei\球捕捉\捕捉2.1_拟合误差捕捉_txt_matlab版\kinect_open\debug\vc120.pdb
f:\mei\球捕捉\捕捉2.1_拟合误差捕捉_txt_matlab版\kinect_open\debug\vc120.idb
f:\mei\球捕捉\捕捉2.1_拟合误差捕捉_txt_matlab版\kinect_open\debug\main.obj
f:\mei\球捕捉\捕捉2.1_拟合误差捕捉_txt_matlab版\kinect_open\debug\math_pred.obj
f:\mei\球捕捉\捕捉3.0_冲刺厘米级误差\kinect_open\debug\vc120.pdb
f:\mei\球捕捉\捕捉3.0_冲刺厘米级误差\kinect_open\debug\vc120.idb
f:\mei\球捕捉\捕捉3.0_冲刺厘米级误差\kinect_open\debug\main.obj
f:\mei\球捕捉\捕捉3.0_冲刺厘米级误差\kinect_open\debug\math_pred.obj
f:\mei\球捕捉\捕捉3.2_冲刺厘米级误差_动态_深度\kinect_open\debug\vc120.pdb
f:\mei\球捕捉\捕捉3.2_冲刺厘米级误差_动态_深度\kinect_open\debug\vc120.idb
f:\mei\球捕捉\捕捉3.2_冲刺厘米级误差_动态_深度\kinect_open\debug\main.obj
f:\mei\球捕捉\捕捉3.2_冲刺厘米级误差_动态_深度\kinect_open\debug\math_pred.obj
f:\mei\球捕捉\捕捉3.2_冲刺厘米级误差_动态_深度\kinect_open\debug\serialport_timer.obj
f:\mei\球捕捉\捕捉4.0_动态拟合\kinect_open\debug\vc120.pdb
f:\mei\球捕捉\捕捉4.0_动态拟合\kinect_open\debug\vc120.idb
f:\mei\球捕捉\捕捉4.0_动态拟合\kinect_open\debug\main.obj
f:\mei\球捕捉\捕捉4.0_动态拟合\kinect_open\debug\math_pred.obj
f:\mei\球捕捉\捕捉4.0_动态拟合\kinect_open\debug\serialport_timer.obj
f:\mei\球捕捉\捕捉4.1_动态拟合_联调\kinect_open\debug\vc120.pdb
f:\mei\球捕捉\捕捉4.1_动态拟合_联调\kinect_open\debug\vc120.idb
f:\mei\球捕捉\捕捉4.1_动态拟合_联调\kinect_open\debug\main.obj
f:\mei\球捕捉\捕捉4.1_动态拟合_联调\kinect_open\debug\math_pred.obj
f:\mei\球捕捉\捕捉4.1_动态拟合_联调\kinect_open\debug\serialport_timer.obj
f:\mei\球捕捉\捕捉4.1_动态拟合_修正wide\kinect_open\debug\vc120.pdb
f:\mei\球捕捉\捕捉4.1_动态拟合_修正wide\kinect_open\debug\vc120.idb
f:\mei\球捕捉\捕捉4.1_动态拟合_修正wide\kinect_open\debug\main.obj
f:\mei\球捕捉\捕捉4.1_动态拟合_修正wide\kinect_open\debug\math_pred.obj
f:\mei\球捕捉\捕捉4.1_动态拟合_修正wide\kinect_open\debug\serialport_timer.obj
f:\mei\抛球交接\抛球交接6.2_动态拟合_重置\kinect_open\debug\vc120.pdb
f:\mei\抛球交接\抛球交接6.2_动态拟合_重置\kinect_open\debug\vc120.idb
f:\mei\抛球交接\抛球交接6.2_动态拟合_重置\kinect_open\debug\math_pred.obj
f:\mei\抛球交接\抛球交接6.2_动态拟合_重置\kinect_open\debug\serialport_timer.obj
f:\mei\抛球交接\抛球交接6.2_动态拟合_重置\kinect_open\debug\main.obj
f:\mei\抛球交接\抛球交接9.0_新时代1126改_空场测试\kinect_open\debug\vc120.pdb
f:\mei\抛球交接\抛球交接9.0_新时代1126改_空场测试\kinect_open\debug\vc120.idb
f:\mei\抛球交接\抛球交接9.0_新时代1126改_空场测试\kinect_open\debug\main.obj
f:\mei\抛球交接\抛球交接9.0_新时代1126改_空场测试\kinect_open\debug\math_pred.obj
f:\mei\抛球交接\抛球交接9.0_新时代1126改_空场测试\kinect_open\debug\serialport_timer.obj
f:\mei\判断过环\球轨迹检测4.0_车动\debug\kinect_open.ilk
f:\mei\判断过环\球轨迹检测4.0_车动\debug\kinect_open.exe
f:\mei\判断过环\球轨迹检测4.0_车动\debug\kinect_open.pdb
f:\mei\抛球交接\抛球交接1.0\debug\kinect_open.ilk
f:\mei\抛球交接\抛球交接1.0\debug\kinect_open.exe
f:\mei\抛球交接\抛球交接1.0\debug\kinect_open.pdb
f:\mei\抛球交接\抛球交接1.1_排序\debug\kinect_open.ilk
f:\mei\抛球交接\抛球交接1.1_排序\debug\kinect_open.exe
f:\mei\抛球交接\抛球交接1.1_排序\debug\kinect_open.pdb
f:\mei\抛球交接\抛球交接2.0_两次预测\debug\kinect_open.ilk
f:\mei\抛球交接\抛球交接2.0_两次预测\debug\kinect_open.exe
f:\mei\抛球交接\抛球交接2.0_两次预测\debug\kinect_open.pdb
f:\mei\抛球交接\抛球交接3.0_动态\debug\kinect_open.ilk
f:\mei\抛球交接\抛球交接3.0_动态\debug\kinect_open.exe
f:\mei\抛球交接\抛球交接3.0_动态\debug\kinect_open.pdb
f:\mei\球捕捉\捕捉2.0_拟合误差捕捉\debug\kinect_open.ilk
f:\mei\球捕捉\捕捉2.0_拟合误差捕捉\debug\kinect_open.exe
f:\mei\球捕捉\捕捉2.0_拟合误差捕捉\debug\kinect_open.pdb
f:\mei\球捕捉\捕捉2.1_拟合误差捕捉_txt_matlab版\debug\kinect_open.ilk
f:\mei\球捕捉\捕捉2.1_拟合误差捕捉_txt_matlab版\debug\kinect_open.exe
f:\mei\球捕捉\捕捉2.1_拟合误差捕捉_txt_matlab版\debug\kinect_open.pdb
f:\mei\球捕捉\捕捉3.0_冲刺厘米级误差\debug\kinect_open.ilk
f:\mei\球捕捉\捕捉3.0_冲刺厘米级误差\debug\kinect_open.exe
f:\mei\球捕捉\捕捉3.0_冲刺厘米级误差\debug\kinect_open.pdb
f:\mei\球捕捉\捕捉3.2_冲刺厘米级误差_动态_深度\debug\kinect_open.ilk
f:\mei\球捕捉\捕捉3.2_冲刺厘米级误差_动态_深度\debug\kinect_open.exe
f:\mei\球捕捉\捕捉3.2_冲刺厘米级误差_动态_深度\debug\kinect_open.pdb
f:\mei\球捕捉\捕捉4.0_动态拟合\debug\kinect_open.ilk
f:\mei\球捕捉\捕捉4.0_动态拟合\debug\kinect_open.exe
f:\mei\球捕捉\捕捉4.0_动态拟合\debug\kinect_open.pdb
f:\mei\球捕捉\捕捉4.1_动态拟合_联调\debug\kinect_open.ilk
f:\mei\球捕捉\捕捉4.1_动态拟合_联调\debug\kinect_open.exe
f:\mei\球捕捉\捕捉4.1_动态拟合_联调\debug\kinect_open.pdb
f:\mei\球捕捉\捕捉4.1_动态拟合_修正wide\debug\kinect_open.ilk
f:\mei\球捕捉\捕捉4.1_动态拟合_修正wide\debug\kinect_open.exe
f:\mei\球捕捉\捕捉4.1_动态拟合_修正wide\debug\kinect_open.pdb
f:\mei\抛球交接\抛球交接6.2_动态拟合_重置\debug\kinect_open.ilk
f:\mei\抛球交接\抛球交接6.2_动态拟合_重置\debug\kinect_open.exe
f:\mei\抛球交接\抛球交接6.2_动态拟合_重置\debug\kinect_open.pdb
f:\mei\抛球交接\抛球交接9.0_新时代1126改_空场测试\debug\kinect_open.ilk
f:\mei\抛球交接\抛球交接9.0_新时代1126改_空场测试\debug\kinect_open.exe
f:\mei\抛球交接\抛球交接9.0_新时代1126改_空场测试\debug\kinect_open.pdb
f:\mei\抛球交接\抛球交接9.0_新时代1126改_空场测试\kinect_open\debug\kinect_open.tlog\cl.command.1.tlog
f:\mei\抛球交接\抛球交接9.0_新时代1126改_空场测试\kinect_open\debug\kinect_open.tlog\cl.read.1.tlog
f:\mei\抛球交接\抛球交接9.0_新时代1126改_空场测试\kinect_open\debug\kinect_open.tlog\cl.write.1.tlog
f:\mei\抛球交接\抛球交接9.0_新时代1126改_空场测试\kinect_open\debug\kinect_open.tlog\link.command.1.tlog
f:\mei\抛球交接\抛球交接9.0_新时代1126改_空场测试\kinect_open\debug\kinect_open.tlog\link.read.1.tlog
f:\mei\抛球交接\抛球交接9.0_新时代1126改_空场测试\kinect_open\debug\kinect_open.tlog\link.write.1.tlog
